{
  "best_route": {
    "buy_path_hops": [
      24,
      509
    ],
    "merged_amounts": [
      "17275516319288710",
      "18106749041892920754",
      "627420281",
      "17589730574563294"
    ],
    "merged_pools": [
      "0x83d1a47d77aed74b55a948f18088193f3a3ec5a5",
      "0x5e1c2072c005f311e57e7b5be937578a3d6411d6",
      "0x8deea6495be45df56e0f5d1ec24b2c4285b5ac64"
    ],
    "merged_symbols": [
      "0x0e09fabb73bd3ade0a17ecc321fd13a19e81ce82",
      "0x44754455564474a89358b2c2265883df993b12f0",
      "0x233d91a0713155003fc4dce0afa871b508b3b715",
      "0x0e09fabb73bd3ade0a17ecc321fd13a19e81ce82"
    ],
    "profit": "314214255274584",
    "sell_path_hops": [
      509,
      222,
      24
    ]
  },
  "block_number": 52972602,
  "estimated_profit": "314214255274584",
  "pool_address": "0x83d1a47d77aed74b55a948f18088193f3a3ec5a5",
  "profitable_routes_count": 1,
  "source": "price_tracker",
  "timestamp": "2025-07-05T14:54:21.424145802+00:00",
  "token_x": "0x44754455564474a89358b2c2265883df993b12f0",
  "token_x_amount": "18106749041892920754"
}
{
  "best_route": {
    "buy_path_hops": [
      10,
      207
    ],
    "merged_amounts": [
      "17275516319288710",
      "18106749041892920754",
      "627420281",
      "17589730574563294"
    ],
    "merged_pools": [
      "0x83d1a47d77aed74b55a948f18088193f3a3ec5a5",
      "0x5e1c2072c005f311e57e7b5be937578a3d6411d6",
      "0x8deea6495be45df56e0f5d1ec24b2c4285b5ac64"
    ],
    "merged_symbols": [
      "0x0e09fabb73bd3ade0a17ecc321fd13a19e81ce82",
      "0x44754455564474a89358b2c2265883df993b12f0",
      "0x233d91a0713155003fc4dce0afa871b508b3b715",
      "0x0e09fabb73bd3ade0a17ecc321fd13a19e81ce82"
    ],
    "profit": "314214255274584",
    "sell_path_hops": [
      207,
      272,
      10
    ]
  },
  "block_number": 52972602,
  "estimated_profit": "314214255274584",
  "pool_address": "0x83d1a47d77aed74b55a948f18088193f3a3ec5a5",
  "profitable_routes_count": 1,
  "source": "price_tracker",
  "timestamp": "2025-07-05T14:54:21.437269125+00:00",
  "token_x": "0x44754455564474a89358b2c2265883df993b12f0",
  "token_x_amount": "18106749041892920754"
}
