{
  "best_route": {
    "buy_path_hops": [
      6,
      398
    ],
    "merged_amounts": [
      "11586458773881",
      "18476125951799251",
      "36",
      "14840568816957"
    ],
    "merged_pools": [
      "0x6eead7189adc81a7773007c56699575ecd4fd07c",
      "0x892c3f408d82668a6e639382bc65d55683c3ad2c",
      "0xf6c195b1bb1bd7ae6f41b2c24754f0dcfaa9fdc1"
    ],
    "merged_symbols": [
      "0xe9e7cea3dedca5984780bafc599bd69add087d56",
      "0xcd40f2670cf58720b694968698a5514e924f742d",
      "0x2222227e22102fe3322098e4cbfe18cfebd57c95",
      "0xe9e7cea3dedca5984780bafc599bd69add087d56"
    ],
    "profit": "3254110043076",
    "sell_path_hops": [
      398,
      75,
      6
    ]
  },
  "block_number": 52974684,
  "estimated_profit": "3254110043076",
  "pool_address": "0x892c3f408d82668a6e639382bc65d55683c3ad2c",
  "profitable_routes_count": 2,
  "timestamp": "2025-07-05T15:20:22.993911043+00:00",
  "token_x": "0xcd40f2670cf58720b694968698a5514e924f742d",
  "token_x_amount": "18476125951799251"
}
