{
  "best_route": {
    "buy_path_hops": [
      12,
      5,
      213
    ],
    "merged_amounts": [
      "38536914336335138952",
      "57117522558926727",
      "19730967132352975670789",
      "49763388796648465364"
    ],
    "merged_pools": [
      "0x469efaaadb06b5f4618ed1907aba380411f9a200",
      "0xcf20a2a1cdbc1b4cc93f9bb66fab569862db34c6",
      "0xdc7188ac11e124b1fa650b73ba88bf615ef15256"
    ],
    "merged_symbols": [
      "0xe9e7cea3dedca5984780bafc599bd69add087d56",
      "0xbb4cdb9cbd36b01bd1cbaebf2de08d9173bc095c",
      "0xe60eaf5a997dfae83739e035b005a33afdcc6df5",
      "0xe9e7cea3dedca5984780bafc599bd69add087d56"
    ],
    "profit": "11226474460313326412",
    "sell_path_hops": [
      213,
      12
    ]
  },
  "block_number": 53051568,
  "estimated_profit": "11226474460313326412",
  "pool_address": "0xcf20a2a1cdbc1b4cc93f9bb66fab569862db34c6",
  "profitable_routes_count": 1,
  "source": "price_tracker",
  "timestamp": "2025-07-06T07:21:30.692866475+00:00",
  "token_x": "0xe60eaf5a997dfae83739e035b005a33afdcc6df5",
  "token_x_amount": "19730967132352975670789"
}
{
  "best_route": {
    "buy_path_hops": [
      12,
      5,
      213
    ],
    "merged_amounts": [
      "16742632257521862998",
      "25181318255755716",
      "13169565213542486487775",
      "34252828937806201587"
    ],
    "merged_pools": [
      "0x469efaaadb06b5f4618ed1907aba380411f9a200",
      "0xcf20a2a1cdbc1b4cc93f9bb66fab569862db34c6",
      "0xdc7188ac11e124b1fa650b73ba88bf615ef15256"
    ],
    "merged_symbols": [
      "0xe9e7cea3dedca5984780bafc599bd69add087d56",
      "0xbb4cdb9cbd36b01bd1cbaebf2de08d9173bc095c",
      "0xe60eaf5a997dfae83739e035b005a33afdcc6df5",
      "0xe9e7cea3dedca5984780bafc599bd69add087d56"
    ],
    "profit": "17510196680284338589",
    "sell_path_hops": [
      213,
      12
    ]
  },
  "block_number": 53051568,
  "estimated_profit": "17510196680284338589",
  "pool_address": "0xcf20a2a1cdbc1b4cc93f9bb66fab569862db34c6",
  "profitable_routes_count": 1,
  "source": "price_tracker",
  "timestamp": "2025-07-06T07:21:30.693764595+00:00",
  "token_x": "0xe60eaf5a997dfae83739e035b005a33afdcc6df5",
  "token_x_amount": "13169565213542486487775"
}
