{
  "best_route": {
    "buy_path_hops": [
      8,
      86,
      250
    ],
    "merged_amounts": [
      "1310836634336089",
      "3746560",
      "491223570728894190032",
      "1951133832569777"
    ],
    "merged_pools": [
      "0x57bb8e92049cd3dcef94c129c27b3e848fe13d19",
      "0x14560d8c046795d3722490d9306aab4f8dece688",
      "0x0323c0a4c0ead09905467575f3ce7da05a196e9e"
    ],
    "merged_symbols": [
      "0x0e09fabb73bd3ade0a17ecc321fd13a19e81ce82",
      "0xdb021b1b247fe2f1fa57e0a87c748cc1e321f07f",
      "0x23e8a70534308a4aaf76fb8c32ec13d17a3bd89e",
      "0x0e09fabb73bd3ade0a17ecc321fd13a19e81ce82"
    ],
    "profit": "640297198233688",
    "sell_path_hops": [
      250,
      8
    ]
  },
  "block_number": 53051757,
  "estimated_profit": "640297198233688",
  "pool_address": "0x0323c0a4c0ead09905467575f3ce7da05a196e9e",
  "profitable_routes_count": 1,
  "source": "price_tracker",
  "timestamp": "2025-07-06T07:23:52.541156611+00:00",
  "token_x": "0x23e8a70534308a4aaf76fb8c32ec13d17a3bd89e",
  "token_x_amount": "491223570728894190032"
}
