{
  "best_route": {
    "buy_path_hops": [
      79,
      1,
      27077
    ],
    "merged_amounts": [
      "2749792208764079",
      "4174031172177",
      "859295",
      "2751349478978904"
    ],
    "merged_pools": [
      "0x469efaaadb06b5f4618ed1907aba380411f9a200",
      "0x0c5da0f07962dd0256c079248633f2b43cad6f62",
      "0x85328dd06333afd77c9036339f79242598663bcb"
    ],
    "merged_symbols": [
      "0xe9e7cea3dedca5984780bafc599bd69add087d56",
      "0xbb4cdb9cbd36b01bd1cbaebf2de08d9173bc095c",
      "0xb27adaffb9fea1801459a1a81b17218288c097cc",
      "0xe9e7cea3dedca5984780bafc599bd69add087d56"
    ],
    "profit": "1557270214825",
    "sell_path_hops": [
      27077,
      79
    ]
  },
  "block_number": 53164783,
  "estimated_profit": "1557270214825",
  "pool_address": "0x0c5da0f07962dd0256c079248633f2b43cad6f62",
  "profitable_routes_count": 1,
  "source": "price_tracker",
  "timestamp": "2025-07-07T06:56:44.950973535+00:00",
  "token_x": "0xb27adaffb9fea1801459a1a81b17218288c097cc",
  "token_x_amount": "859295"
}
