{
  "best_route": {
    "buy_path_hops": [
      11,
      140
    ],
    "merged_amounts": [
      "544143179851511",
      "38386941193343309",
      "49476031821875463",
      "556461250451666"
    ],
    "merged_pools": [
      "0x7d19484def77f71d4114d42c2da9105bd15cf300",
      "0xe1cc0d55fe5cdd846956916644721aa8382fe868",
      "0x75b02cce8f50496601aaafcd3d8888b01c28b624"
    ],
    "merged_symbols": [
      "0xe9e7cea3dedca5984780bafc599bd69add087d56",
      "0xbb46693ebbea1ac2070e59b4d043b47e2e095f86",
      "0x7a9f28eb62c791422aa23ceae1da9c847cbec9b0",
      "0xe9e7cea3dedca5984780bafc599bd69add087d56"
    ],
    "profit": "12318070600155",
    "sell_path_hops": [
      140,
      373,
      11
    ]
  },
  "block_number": 52975576,
  "estimated_profit": "12318070600155",
  "pool_address": "0x7d19484def77f71d4114d42c2da9105bd15cf300",
  "profitable_routes_count": 1,
  "source": "price_tracker",
  "timestamp": "2025-07-05T15:31:32.054483163+00:00",
  "token_x": "0xbb46693ebbea1ac2070e59b4d043b47e2e095f86",
  "token_x_amount": "38386941193343309"
}
