{
  "source": "price_tracker",
  "event": {
    "event_type": "PancakeSwapV3",
    "address": "172fcd41e0913e95784454622d1c3724f546f849",
    "tx_hash": "2c2c63985e141f203f28fef2bd6a2f5874c6dd87460dbc17e07b5bfc775cd505",
    "sender": "0x5efc784d444126ecc05f22c49ff3fbd7d9f4868a",
    "recipient": "0xb300000b72deaeb607a12d5f54773d1c19c7028d",
    "amount0": "-3301976710943450767",
    "amount1": "4279463645232325",
    "sqrt_price_x96": "93734c6d1440cf40897591e",
    "liquidity": "1fe4377f6b817e3510500",
    "tick": "-66489",
    "protocol_fees_token0": "0",
    "protocol_fees_token1": "20e1814a84"
  },
  "timestamp": "2025-07-23T18:05:11.419691357+00:00",
  "block_number": 0,
  "pool_address": "0x172fcd41e0913e95784454622d1c3724f546f849",
  "token_x": "0x55d398326f99059ff775485246999027b3197955",
  "token_x_amount": "3301976710943450767",
  "estimated_profit": "171497683296113",
  "profitable_routes_count": 2,
  "latency_ms": 3,
  "reserve0": null,
  "reserve1": null,
  "sqrt_price_x96": "2852105098369936240047106150",
  "liquidity": "2409651482415405120685312",
  "tx_hash": "0x2c2c63985e141f203f28fef2bd6a2f5874c6dd87460dbc17e07b5bfc775cd505",
  "tick": -66489,
  "best_route": {
    "merged_amounts": [
      "4279463645232324",
      "3301976710943450767",
      "18334866668565428357321",
      "4450961328528437"
    ],
    "profit": "171497683296113",
    "buy_path_hops": [
      2,
      10
    ],
    "sell_path_hops": [
      10,
      6446,
      2
    ],
    "buy_amounts": [
      "4279463645232324",
      "3301976710943450767"
    ],
    "sell_amounts": [
      "3301976710943450767",
      "18334866668565428357321",
      "4450961328528437"
    ],
    "profit_percentage": 4.007457417874681,
    "buy_path_pools": [
      "0x172fcd41e0913e95784454622d1c3724f546f849"
    ],
    "sell_path_pools": [
      "0x55916ca3d42fa4b2cc0dec65b81bbc6d7b606f11",
      "0x821add5a7d42f799154a3af118885c036a6891ff"
    ],
    "buy_symbols": [
      "0xbb4cdb9cbd36b01bd1cbaebf2de08d9173bc095c",
      "0x55d398326f99059ff775485246999027b3197955"
    ],
    "sell_symbols": [
      "0x55d398326f99059ff775485246999027b3197955",
      "0x97ea465e7ed3b817364dd096a614122d6082320d",
      "0xbb4cdb9cbd36b01bd1cbaebf2de08d9173bc095c"
    ],
    "buy_pools": [
      "0x172fcd41e0913e95784454622d1c3724f546f849"
    ],
    "sell_pools": [
      "0x55916ca3d42fa4b2cc0dec65b81bbc6d7b606f11",
      "0x821add5a7d42f799154a3af118885c036a6891ff"
    ]
  },
  "merged_pools_data": {
    "0x172fcd41e0913e95784454622d1c3724f546f849": {
      "reserve0": null,
      "reserve1": null,
      "sqrt_price_x96": "2852105098369936240047106150",
      "liquidity": "2409651482415405120685312",
      "tick": -66489,
      "fee": 100,
      "last_updated": 1753293910,
      "pool_type": "V3"
    },
    "0x55916ca3d42fa4b2cc0dec65b81bbc6d7b606f11": {
      "reserve0": "4166716397634972264743",
      "reserve1": "23212822728861167188742894",
      "sqrt_price_x96": null,
      "liquidity": null,
      "tick": null,
      "fee": null,
      "last_updated": 1753293784,
      "pool_type": "V2"
    },
    "0x821add5a7d42f799154a3af118885c036a6891ff": {
      "reserve0": "754920719969834422516729",
      "reserve1": "188174374883228223",
      "sqrt_price_x96": null,
      "liquidity": null,
      "tick": null,
      "fee": null,
      "last_updated": 1753293784,
      "pool_type": "V2"
    }
  }
}
