{
  "source": "price_tracker",
  "event": {
    "event_type": "PancakeSwapV3",
    "address": "172fcd41e0913e95784454622d1c3724f546f849",
    "tx_hash": "08093ed3b795fbdb29bd44c47ce646a1ff14c32e24f9c9cc83836b5e005b01cc",
    "sender": "0x5efc784d444126ecc05f22c49ff3fbd7d9f4868a",
    "recipient": "0xb300000b72deaeb607a12d5f54773d1c19c7028d",
    "amount0": "-9996243328000331826",
    "amount1": "13171836320000000",
    "sqrt_price_x96": "94ad3ea5383a6b21f5f1fc9",
    "liquidity": "1cbf29bc2ca351b8de7e8",
    "tick": "-66324",
    "protocol_fees_token0": "0",
    "protocol_fees_token1": "653462f9a0"
  },
  "timestamp": "2025-07-24T07:58:11.810957510+00:00",
  "block_number": 0,
  "pool_address": "0x172fcd41e0913e95784454622d1c3724f546f849",
  "token_x": "0x55d398326f99059ff775485246999027b3197955",
  "token_x_amount": "9996243328000331826",
  "estimated_profit": "43533249817358",
  "profitable_routes_count": 1,
  "latency_ms": 3,
  "reserve0": null,
  "reserve1": null,
  "sqrt_price_x96": "2875825860514869085718218357",
  "liquidity": "2172041551458555669637096",
  "tx_hash": "0x08093ed3b795fbdb29bd44c47ce646a1ff14c32e24f9c9cc83836b5e005b01cc",
  "tick": -66324,
  "best_route": {
    "merged_amounts": [
      "13171836319999999",
      "9996243328000331826",
      "8835514714727752859966",
      "13215369569817357"
    ],
    "profit": "43533249817358",
    "buy_path_hops": [
      1,
      16
    ],
    "sell_path_hops": [
      16,
      878,
      1
    ],
    "buy_amounts": [
      "13171836319999999",
      "9996243328000331826"
    ],
    "sell_amounts": [
      "9996243328000331826",
      "8835514714727752859966",
      "13215369569817357"
    ],
    "profit_percentage": 0.3305025112653237,
    "buy_path_pools": [
      "0x172fcd41e0913e95784454622d1c3724f546f849"
    ],
    "sell_path_pools": [
      "0xe1cbe92b5375ee6afe1b22b555d257b4357f6c68",
      "0xaf9aa53146c5752bf6068a84b970e9fbb22a87bc"
    ],
    "buy_symbols": [
      "0xbb4cdb9cbd36b01bd1cbaebf2de08d9173bc095c",
      "0x55d398326f99059ff775485246999027b3197955"
    ],
    "sell_symbols": [
      "0x55d398326f99059ff775485246999027b3197955",
      "0x9c65ab58d8d978db963e63f2bfb7121627e3a739",
      "0xbb4cdb9cbd36b01bd1cbaebf2de08d9173bc095c"
    ],
    "buy_pools": [
      "0x172fcd41e0913e95784454622d1c3724f546f849"
    ],
    "sell_pools": [
      "0xe1cbe92b5375ee6afe1b22b555d257b4357f6c68",
      "0xaf9aa53146c5752bf6068a84b970e9fbb22a87bc"
    ]
  },
  "merged_pools_data": {
    "0x172fcd41e0913e95784454622d1c3724f546f849": {
      "reserve0": null,
      "reserve1": null,
      "sqrt_price_x96": "2875825860514869085718218357",
      "liquidity": "2172041551458555669637096",
      "tick": -66324,
      "fee": 100,
      "last_updated": 1753343891,
      "pool_type": "V3"
    },
    "0xe1cbe92b5375ee6afe1b22b555d257b4357f6c68": {
      "reserve0": "5322027018869283115139",
      "reserve1": "4722314434322742580556952",
      "sqrt_price_x96": null,
      "liquidity": null,
      "tick": null,
      "fee": null,
      "last_updated": 1753343797,
      "pool_type": "V2"
    },
    "0xaf9aa53146c5752bf6068a84b970e9fbb22a87bc": {
      "reserve0": "7983926928806618029554648",
      "reserve1": "11978787537571685262",
      "sqrt_price_x96": null,
      "liquidity": null,
      "tick": null,
      "fee": null,
      "last_updated": 1753343797,
      "pool_type": "V2"
    }
  }
}
