{
  "source": "price_tracker",
  "event": {
    "event_type": "PancakeSwapV3",
    "address": "172fcd41e0913e95784454622d1c3724f546f849",
    "tx_hash": "f0cd029cea86c4d397131c4d0b64b7ee427717459fd944ac8bd130e34309c7db",
    "sender": "0xca852767b43a395ac1dd54737193eba5e20c78bd",
    "recipient": "0xb300000b72deaeb607a12d5f54773d1c19c7028d",
    "amount0": "-3823333647299851739",
    "amount1": "5039276269498546",
    "sqrt_price_x96": "94b258b27311cc4648ff419",
    "liquidity": "1cbafdd72793b00f25ecf",
    "tick": "-66321",
    "protocol_fees_token0": "0",
    "protocol_fees_token1": "26b8055e9d"
  },
  "timestamp": "2025-07-24T07:57:58.526798272+00:00",
  "block_number": 0,
  "pool_address": "0x172fcd41e0913e95784454622d1c3724f546f849",
  "token_x": "0x55d398326f99059ff775485246999027b3197955",
  "token_x_amount": "3823333647299851739",
  "estimated_profit": "94659125501231",
  "profitable_routes_count": 2,
  "latency_ms": 3,
  "reserve0": null,
  "reserve1": null,
  "sqrt_price_x96": "2876211635444265829496133027",
  "liquidity": "2170810352799790377623247",
  "tx_hash": "0xf0cd029cea86c4d397131c4d0b64b7ee427717459fd944ac8bd130e34309c7db",
  "tick": -66321,
  "best_route": {
    "merged_amounts": [
      "5039276269498545",
      "3823333647299851739",
      "21227154966249912205122",
      "5133935394999776"
    ],
    "profit": "94659125501231",
    "buy_path_hops": [
      1,
      16
    ],
    "sell_path_hops": [
      16,
      6307,
      1
    ],
    "buy_amounts": [
      "5039276269498545",
      "3823333647299851739"
    ],
    "sell_amounts": [
      "3823333647299851739",
      "21227154966249912205122",
      "5133935394999776"
    ],
    "profit_percentage": 1.8784269890932268,
    "buy_path_pools": [
      "0x172fcd41e0913e95784454622d1c3724f546f849"
    ],
    "sell_path_pools": [
      "0x55916ca3d42fa4b2cc0dec65b81bbc6d7b606f11",
      "0x821add5a7d42f799154a3af118885c036a6891ff"
    ],
    "buy_symbols": [
      "0xbb4cdb9cbd36b01bd1cbaebf2de08d9173bc095c",
      "0x55d398326f99059ff775485246999027b3197955"
    ],
    "sell_symbols": [
      "0x55d398326f99059ff775485246999027b3197955",
      "0x97ea465e7ed3b817364dd096a614122d6082320d",
      "0xbb4cdb9cbd36b01bd1cbaebf2de08d9173bc095c"
    ],
    "buy_pools": [
      "0x172fcd41e0913e95784454622d1c3724f546f849"
    ],
    "sell_pools": [
      "0x55916ca3d42fa4b2cc0dec65b81bbc6d7b606f11",
      "0x821add5a7d42f799154a3af118885c036a6891ff"
    ]
  },
  "merged_pools_data": {
    "0x172fcd41e0913e95784454622d1c3724f546f849": {
      "reserve0": null,
      "reserve1": null,
      "sqrt_price_x96": "2876211635444265829496133027",
      "liquidity": "2170810352799790377623247",
      "tick": -66321,
      "fee": 100,
      "last_updated": 1753343877,
      "pool_type": "V3"
    },
    "0x55916ca3d42fa4b2cc0dec65b81bbc6d7b606f11": {
      "reserve0": "4166716397634972264743",
      "reserve1": "23212822728861167188742894",
      "sqrt_price_x96": null,
      "liquidity": null,
      "tick": null,
      "fee": null,
      "last_updated": 1753343797,
      "pool_type": "V2"
    },
    "0x821add5a7d42f799154a3af118885c036a6891ff": {
      "reserve0": "754920719969834422516729",
      "reserve1": "188174374883228223",
      "sqrt_price_x96": null,
      "liquidity": null,
      "tick": null,
      "fee": null,
      "last_updated": 1753343797,
      "pool_type": "V2"
    }
  }
}
