{
  "source": "price_tracker",
  "event": {
    "event_type": "PancakeSwapV3",
    "address": "172fcd41e0913e95784454622d1c3724f546f849",
    "tx_hash": "dc02a7259ec9e89645c28637172e2b973123e7894aeee4ad19e6fa4c1c817cb4",
    "sender": "0xd9c500dff816a1da21a48a732d3498bf09dc9aeb",
    "recipient": "0xb2be44266ed278306e2dd1d0d3a120aea31f6ad9",
    "amount0": "-609459682530617314",
    "amount1": "800000000000000",
    "sqrt_price_x96": "94645fb133554d13a51faf8",
    "liquidity": "1b8407353a7a972dd0a16",
    "tick": "-66362",
    "protocol_fees_token0": "0",
    "protocol_fees_token1": "625900800"
  },
  "timestamp": "2025-07-24T08:09:52.780070765+00:00",
  "block_number": 0,
  "pool_address": "0x172fcd41e0913e95784454622d1c3724f546f849",
  "token_x": "0x55d398326f99059ff775485246999027b3197955",
  "token_x_amount": "609459682530617314",
  "estimated_profit": "38227071675113",
  "profitable_routes_count": 1,
  "latency_ms": 2,
  "reserve0": null,
  "reserve1": null,
  "sqrt_price_x96": "2870320340085779305313856201",
  "liquidity": "2079030154253444952427030",
  "tx_hash": "0xdc02a7259ec9e89645c28637172e2b973123e7894aeee4ad19e6fa4c1c817cb4",
  "tick": -66362,
  "best_route": {
    "merged_amounts": [
      "799999999999999",
      "609459682530617314",
      "3386324231601564653608",
      "838227071675112"
    ],
    "profit": "38227071675113",
    "buy_path_hops": [
      3,
      0
    ],
    "sell_path_hops": [
      0,
      884,
      3
    ],
    "buy_amounts": [
      "799999999999999",
      "609459682530617314"
    ],
    "sell_amounts": [
      "609459682530617314",
      "3386324231601564653608",
      "838227071675112"
    ],
    "profit_percentage": 4.7783839593891315,
    "buy_path_pools": [
      "0x172fcd41e0913e95784454622d1c3724f546f849"
    ],
    "sell_path_pools": [
      "0x55916ca3d42fa4b2cc0dec65b81bbc6d7b606f11",
      "0x821add5a7d42f799154a3af118885c036a6891ff"
    ],
    "buy_symbols": [
      "0xbb4cdb9cbd36b01bd1cbaebf2de08d9173bc095c",
      "0x55d398326f99059ff775485246999027b3197955"
    ],
    "sell_symbols": [
      "0x55d398326f99059ff775485246999027b3197955",
      "0x97ea465e7ed3b817364dd096a614122d6082320d",
      "0xbb4cdb9cbd36b01bd1cbaebf2de08d9173bc095c"
    ],
    "buy_pools": [
      "0x172fcd41e0913e95784454622d1c3724f546f849"
    ],
    "sell_pools": [
      "0x55916ca3d42fa4b2cc0dec65b81bbc6d7b606f11",
      "0x821add5a7d42f799154a3af118885c036a6891ff"
    ]
  },
  "merged_pools_data": {
    "0x172fcd41e0913e95784454622d1c3724f546f849": {
      "reserve0": null,
      "reserve1": null,
      "sqrt_price_x96": "2870320340085779305313856201",
      "liquidity": "2079030154253444952427030",
      "tick": -66362,
      "fee": 100,
      "last_updated": 1753344591,
      "pool_type": "V3"
    },
    "0x55916ca3d42fa4b2cc0dec65b81bbc6d7b606f11": {
      "reserve0": "4166716397634972264743",
      "reserve1": "23212822728861167188742894",
      "sqrt_price_x96": null,
      "liquidity": null,
      "tick": null,
      "fee": null,
      "last_updated": 1753343980,
      "pool_type": "V2"
    },
    "0x821add5a7d42f799154a3af118885c036a6891ff": {
      "reserve0": "754920719969834422516729",
      "reserve1": "188174374883228223",
      "sqrt_price_x96": null,
      "liquidity": null,
      "tick": null,
      "fee": null,
      "last_updated": 1753343980,
      "pool_type": "V2"
    }
  }
}
