{
  "source": "price_tracker",
  "event": {
    "event_type": "PancakeSwapV3",
    "address": "172fcd41e0913e95784454622d1c3724f546f849",
    "tx_hash": "610ac1bdc250930de4a3efb1abc97eb8e4191b64c360914e334bcfbfd27b3dc4",
    "sender": "0xca852767b43a395ac1dd54737193eba5e20c78bd",
    "recipient": "0xb300000b72deaeb607a12d5f54773d1c19c7028d",
    "amount0": "-12435592257925789078",
    "amount1": "16124072714455617",
    "sqrt_price_x96": "937bafd2f2ea09c44cd9268",
    "liquidity": "1fe4e5cafacfe0893dbef",
    "tick": "-66485",
    "protocol_fees_token0": "0",
    "protocol_fees_token1": "7be34c3459"
  },
  "timestamp": "2025-07-23T18:05:18.325671173+00:00",
  "block_number": 0,
  "pool_address": "0x172fcd41e0913e95784454622d1c3724f546f849",
  "token_x": "0x55d398326f99059ff775485246999027b3197955",
  "token_x_amount": "12435592257925789078",
  "estimated_profit": "41394159208813",
  "profitable_routes_count": 1,
  "latency_ms": 4,
  "reserve0": null,
  "reserve1": null,
  "sqrt_price_x96": "2852738509008397306559204754",
  "liquidity": "2409852431048247883324399",
  "tx_hash": "0x610ac1bdc250930de4a3efb1abc97eb8e4191b64c360914e334bcfbfd27b3dc4",
  "tick": -66485,
  "best_route": {
    "merged_amounts": [
      "16124072714455616",
      "12435592257925789078",
      "685738418610407924844",
      "16165466873664429"
    ],
    "profit": "41394159208813",
    "buy_path_hops": [
      2,
      10
    ],
    "sell_path_hops": [
      10,
      1890,
      2
    ],
    "buy_amounts": [
      "16124072714455616",
      "12435592257925789078"
    ],
    "sell_amounts": [
      "12435592257925789078",
      "685738418610407924844",
      "16165466873664429"
    ],
    "profit_percentage": 0.2567227272034202,
    "buy_path_pools": [
      "0x172fcd41e0913e95784454622d1c3724f546f849"
    ],
    "sell_path_pools": [
      "0xd8fb853c205a0a49bc7fe0d5dc912fea9135bf7a",
      "0xea6df8a481e0fcbb5f713916c092eda16f93c731"
    ],
    "buy_symbols": [
      "0xbb4cdb9cbd36b01bd1cbaebf2de08d9173bc095c",
      "0x55d398326f99059ff775485246999027b3197955"
    ],
    "sell_symbols": [
      "0x55d398326f99059ff775485246999027b3197955",
      "0x8b4d4e4fb663725e19087d384b1c8c1a10cde9f7",
      "0xbb4cdb9cbd36b01bd1cbaebf2de08d9173bc095c"
    ],
    "buy_pools": [
      "0x172fcd41e0913e95784454622d1c3724f546f849"
    ],
    "sell_pools": [
      "0xd8fb853c205a0a49bc7fe0d5dc912fea9135bf7a",
      "0xea6df8a481e0fcbb5f713916c092eda16f93c731"
    ]
  },
  "merged_pools_data": {
    "0x172fcd41e0913e95784454622d1c3724f546f849": {
      "reserve0": null,
      "reserve1": null,
      "sqrt_price_x96": "2852738509008397306559204754",
      "liquidity": "2409852431048247883324399",
      "tick": -66485,
      "fee": 100,
      "last_updated": 1753293918,
      "pool_type": "V3"
    },
    "0xd8fb853c205a0a49bc7fe0d5dc912fea9135bf7a": {
      "reserve0": "4378421072736080654546",
      "reserve1": "242731024337278251572156",
      "sqrt_price_x96": null,
      "liquidity": null,
      "tick": null,
      "fee": null,
      "last_updated": 1753293784,
      "pool_type": "V2"
    },
    "0xea6df8a481e0fcbb5f713916c092eda16f93c731": {
      "reserve0": "19159104792626671124121",
      "reserve1": "468950516811138814",
      "sqrt_price_x96": null,
      "liquidity": null,
      "tick": null,
      "fee": null,
      "last_updated": 1753293784,
      "pool_type": "V2"
    }
  }
}
