{
  "source": "price_tracker",
  "event": {
    "event_type": "PancakeSwapV3",
    "address": "172fcd41e0913e95784454622d1c3724f546f849",
    "tx_hash": "69044a91197ad292fc4d26468bd615eeea21b2d599c3ae44b329d5290661d806",
    "sender": "0xaaa39853f7e0f131a6e9358d55bd7d02fa23f041",
    "recipient": "0xaaa39853f7e0f131a6e9358d55bd7d02fa23f041",
    "amount0": "-15662185188950435846",
    "amount1": "20642113943869902",
    "sqrt_price_x96": "94b14aae402940bb96d894c",
    "liquidity": "1cbf29bc2ca351b8de7e7",
    "tick": "-66322",
    "protocol_fees_token0": "0",
    "protocol_fees_token1": "9e9a12dc93"
  },
  "timestamp": "2025-07-24T07:57:43.046433290+00:00",
  "block_number": 0,
  "pool_address": "0x172fcd41e0913e95784454622d1c3724f546f849",
  "token_x": "0x55d398326f99059ff775485246999027b3197955",
  "token_x_amount": "15662185188950435846",
  "estimated_profit": "28997500354643",
  "profitable_routes_count": 1,
  "latency_ms": 2,
  "reserve0": null,
  "reserve1": null,
  "sqrt_price_x96": "2876131371695392448626741889",
  "liquidity": "2172041551458555669637095",
  "tx_hash": "0x69044a91197ad292fc4d26468bd615eeea21b2d599c3ae44b329d5290661d806",
  "tick": -66322,
  "best_route": {
    "merged_amounts": [
      "20642113943869901",
      "15662185188950435846",
      "13828881754548024506769",
      "20671111444224544"
    ],
    "profit": "28997500354643",
    "buy_path_hops": [
      1,
      16
    ],
    "sell_path_hops": [
      16,
      878,
      1
    ],
    "buy_amounts": [
      "20642113943869901",
      "15662185188950435846"
    ],
    "sell_amounts": [
      "15662185188950435846",
      "13828881754548024506769",
      "20671111444224544"
    ],
    "profit_percentage": 0.14047737762466136,
    "buy_path_pools": [
      "0x172fcd41e0913e95784454622d1c3724f546f849"
    ],
    "sell_path_pools": [
      "0xe1cbe92b5375ee6afe1b22b555d257b4357f6c68",
      "0xaf9aa53146c5752bf6068a84b970e9fbb22a87bc"
    ],
    "buy_symbols": [
      "0xbb4cdb9cbd36b01bd1cbaebf2de08d9173bc095c",
      "0x55d398326f99059ff775485246999027b3197955"
    ],
    "sell_symbols": [
      "0x55d398326f99059ff775485246999027b3197955",
      "0x9c65ab58d8d978db963e63f2bfb7121627e3a739",
      "0xbb4cdb9cbd36b01bd1cbaebf2de08d9173bc095c"
    ],
    "buy_pools": [
      "0x172fcd41e0913e95784454622d1c3724f546f849"
    ],
    "sell_pools": [
      "0xe1cbe92b5375ee6afe1b22b555d257b4357f6c68",
      "0xaf9aa53146c5752bf6068a84b970e9fbb22a87bc"
    ]
  },
  "merged_pools_data": {
    "0x172fcd41e0913e95784454622d1c3724f546f849": {
      "reserve0": null,
      "reserve1": null,
      "sqrt_price_x96": "2876131371695392448626741889",
      "liquidity": "2172041551458555669637095",
      "tick": -66322,
      "fee": 100,
      "last_updated": 1753343862,
      "pool_type": "V3"
    },
    "0xe1cbe92b5375ee6afe1b22b555d257b4357f6c68": {
      "reserve0": "5322027018869283115139",
      "reserve1": "4722314434322742580556952",
      "sqrt_price_x96": null,
      "liquidity": null,
      "tick": null,
      "fee": null,
      "last_updated": 1753343797,
      "pool_type": "V2"
    },
    "0xaf9aa53146c5752bf6068a84b970e9fbb22a87bc": {
      "reserve0": "7983926928806618029554648",
      "reserve1": "11978787537571685262",
      "sqrt_price_x96": null,
      "liquidity": null,
      "tick": null,
      "fee": null,
      "last_updated": 1753343797,
      "pool_type": "V2"
    }
  }
}
