{
  "source": "price_tracker",
  "event": {
    "event_type": "PancakeSwapV3",
    "address": "172fcd41e0913e95784454622d1c3724f546f849",
    "tx_hash": "5e45df120395106643c1bdb6cc244c5eb67143453f4e0d3523f7ed2934a21373",
    "sender": "0xca852767b43a395ac1dd54737193eba5e20c78bd",
    "recipient": "0xb300000b72deaeb607a12d5f54773d1c19c7028d",
    "amount0": "-2269446819892969384",
    "amount1": "2989925711902201",
    "sqrt_price_x96": "94aa36afe66dc002e3bb7e2",
    "liquidity": "1cbf29bc2ca351b8de7e7",
    "tick": "-66325",
    "protocol_fees_token0": "0",
    "protocol_fees_token1": "16f90b4f4d"
  },
  "timestamp": "2025-07-24T07:58:41.515174445+00:00",
  "block_number": 0,
  "pool_address": "0x172fcd41e0913e95784454622d1c3724f546f849",
  "token_x": "0x55d398326f99059ff775485246999027b3197955",
  "token_x_amount": "2269446819892969384",
  "estimated_profit": "92761873607623",
  "profitable_routes_count": 2,
  "latency_ms": 1,
  "reserve0": null,
  "reserve1": null,
  "sqrt_price_x96": "2875597209416058195536949837",
  "liquidity": "2172041551458555669637095",
  "tx_hash": "0x5e45df120395106643c1bdb6cc244c5eb67143453f4e0d3523f7ed2934a21373",
  "tick": -66325,
  "best_route": {
    "merged_amounts": [
      "2989925711902200",
      "2269446819892969384",
      "12604657230928002980168",
      "3082687585509823"
    ],
    "profit": "92761873607623",
    "buy_path_hops": [
      1,
      16
    ],
    "sell_path_hops": [
      16,
      6307,
      1
    ],
    "buy_amounts": [
      "2989925711902200",
      "2269446819892969384"
    ],
    "sell_amounts": [
      "2269446819892969384",
      "12604657230928002980168",
      "3082687585509823"
    ],
    "profit_percentage": 3.1024808823296017,
    "buy_path_pools": [
      "0x172fcd41e0913e95784454622d1c3724f546f849"
    ],
    "sell_path_pools": [
      "0x55916ca3d42fa4b2cc0dec65b81bbc6d7b606f11",
      "0x821add5a7d42f799154a3af118885c036a6891ff"
    ],
    "buy_symbols": [
      "0xbb4cdb9cbd36b01bd1cbaebf2de08d9173bc095c",
      "0x55d398326f99059ff775485246999027b3197955"
    ],
    "sell_symbols": [
      "0x55d398326f99059ff775485246999027b3197955",
      "0x97ea465e7ed3b817364dd096a614122d6082320d",
      "0xbb4cdb9cbd36b01bd1cbaebf2de08d9173bc095c"
    ],
    "buy_pools": [
      "0x172fcd41e0913e95784454622d1c3724f546f849"
    ],
    "sell_pools": [
      "0x55916ca3d42fa4b2cc0dec65b81bbc6d7b606f11",
      "0x821add5a7d42f799154a3af118885c036a6891ff"
    ]
  },
  "merged_pools_data": {
    "0x172fcd41e0913e95784454622d1c3724f546f849": {
      "reserve0": null,
      "reserve1": null,
      "sqrt_price_x96": "2875597209416058195536949837",
      "liquidity": "2172041551458555669637095",
      "tick": -66325,
      "fee": 100,
      "last_updated": 1753343920,
      "pool_type": "V3"
    },
    "0x55916ca3d42fa4b2cc0dec65b81bbc6d7b606f11": {
      "reserve0": "4166716397634972264743",
      "reserve1": "23212822728861167188742894",
      "sqrt_price_x96": null,
      "liquidity": null,
      "tick": null,
      "fee": null,
      "last_updated": 1753343797,
      "pool_type": "V2"
    },
    "0x821add5a7d42f799154a3af118885c036a6891ff": {
      "reserve0": "754920719969834422516729",
      "reserve1": "188174374883228223",
      "sqrt_price_x96": null,
      "liquidity": null,
      "tick": null,
      "fee": null,
      "last_updated": 1753343797,
      "pool_type": "V2"
    }
  }
}
