{
  "source": "price_tracker",
  "event": {
    "event_type": "PancakeSwapV3",
    "address": "172fcd41e0913e95784454622d1c3724f546f849",
    "tx_hash": "e51df5a01432143a6f5ccb59d1609fc5401a9241128bb6f5a2bfc1d87f6261d3",
    "sender": "0x5efc784d444126ecc05f22c49ff3fbd7d9f4868a",
    "recipient": "0xb300000b72deaeb607a12d5f54773d1c19c7028d",
    "amount0": "-10156948311697972026",
    "amount1": "13391792988411040",
    "sqrt_price_x96": "94b8e6d1eaa87cff6ec8b55",
    "liquidity": "1cbafdd72793b00f25ecf",
    "tick": "-66318",
    "protocol_fees_token0": "0",
    "protocol_fees_token1": "66e507f6e9"
  },
  "timestamp": "2025-07-24T07:57:26.164050181+00:00",
  "block_number": 0,
  "pool_address": "0x172fcd41e0913e95784454622d1c3724f546f849",
  "token_x": "0x55d398326f99059ff775485246999027b3197955",
  "token_x_amount": "10156948311697972026",
  "estimated_profit": "35392387045450",
  "profitable_routes_count": 1,
  "latency_ms": 2,
  "reserve0": null,
  "reserve1": null,
  "sqrt_price_x96": "2876706625096610797595869064",
  "liquidity": "2170810352799790377623247",
  "tx_hash": "0xe51df5a01432143a6f5ccb59d1609fc5401a9241128bb6f5a2bfc1d87f6261d3",
  "tick": -66318,
  "best_route": {
    "merged_amounts": [
      "13391792988411039",
      "10156948311697972026",
      "8977289169336487382166",
      "13427185375456489"
    ],
    "profit": "35392387045450",
    "buy_path_hops": [
      1,
      16
    ],
    "sell_path_hops": [
      16,
      878,
      1
    ],
    "buy_amounts": [
      "13391792988411039",
      "10156948311697972026"
    ],
    "sell_amounts": [
      "10156948311697972026",
      "8977289169336487382166",
      "13427185375456489"
    ],
    "profit_percentage": 0.2642841557965971,
    "buy_path_pools": [
      "0x172fcd41e0913e95784454622d1c3724f546f849"
    ],
    "sell_path_pools": [
      "0xe1cbe92b5375ee6afe1b22b555d257b4357f6c68",
      "0xaf9aa53146c5752bf6068a84b970e9fbb22a87bc"
    ],
    "buy_symbols": [
      "0xbb4cdb9cbd36b01bd1cbaebf2de08d9173bc095c",
      "0x55d398326f99059ff775485246999027b3197955"
    ],
    "sell_symbols": [
      "0x55d398326f99059ff775485246999027b3197955",
      "0x9c65ab58d8d978db963e63f2bfb7121627e3a739",
      "0xbb4cdb9cbd36b01bd1cbaebf2de08d9173bc095c"
    ],
    "buy_pools": [
      "0x172fcd41e0913e95784454622d1c3724f546f849"
    ],
    "sell_pools": [
      "0xe1cbe92b5375ee6afe1b22b555d257b4357f6c68",
      "0xaf9aa53146c5752bf6068a84b970e9fbb22a87bc"
    ]
  },
  "merged_pools_data": {
    "0x172fcd41e0913e95784454622d1c3724f546f849": {
      "reserve0": null,
      "reserve1": null,
      "sqrt_price_x96": "2876706625096610797595869064",
      "liquidity": "2170810352799790377623247",
      "tick": -66318,
      "fee": 100,
      "last_updated": 1753343845,
      "pool_type": "V3"
    },
    "0xe1cbe92b5375ee6afe1b22b555d257b4357f6c68": {
      "reserve0": "5322027018869283115139",
      "reserve1": "4722314434322742580556952",
      "sqrt_price_x96": null,
      "liquidity": null,
      "tick": null,
      "fee": null,
      "last_updated": 1753343797,
      "pool_type": "V2"
    },
    "0xaf9aa53146c5752bf6068a84b970e9fbb22a87bc": {
      "reserve0": "7983926928806618029554648",
      "reserve1": "11978787537571685262",
      "sqrt_price_x96": null,
      "liquidity": null,
      "tick": null,
      "fee": null,
      "last_updated": 1753343797,
      "pool_type": "V2"
    }
  }
}
